CRITICAL - 2020-10-20 01:02:20 --> Unknown database 'anime8k'
#0 C:\xampp\htdocs\anime\web1\system\Database\BaseConnection.php(377): CodeIgniter\Database\MySQLi\Connection->connect(false)
#1 C:\xampp\htdocs\anime\web1\system\Database\BaseConnection.php(643): CodeIgniter\Database\BaseConnection->initialize()
#2 C:\xampp\htdocs\anime\web1\app\Models\Video_Model.php(126): CodeIgniter\Database\BaseConnection->query('SELECT\r\n       ...')
#3 C:\xampp\htdocs\anime\web1\app\Controllers\Home.php(34): App\Models\Video_Model->get_list_video(1)
#4 C:\xampp\htdocs\anime\web1\system\CodeIgniter.php(910): App\Controllers\Home->index()
#5 C:\xampp\htdocs\anime\web1\system\CodeIgniter.php(398): CodeIgniter\CodeIgniter->runController(Object(App\Controllers\Home))
#6 C:\xampp\htdocs\anime\web1\system\CodeIgniter.php(306): CodeIgniter\CodeIgniter->handleRequest(NULL, Object(Config\Cache), false)
#7 C:\xampp\htdocs\anime\web1\index.php(45): CodeIgniter\CodeIgniter->run()
#8 {main}
CRITICAL - 2020-10-20 01:02:20 --> Uncaught ErrorException: print_r(): Property access is not allowed yet in C:\xampp\htdocs\anime\web1\app\Views\errors\html\error_exception.php:100
Stack trace:
#0 [internal function]: CodeIgniter\Debug\Exceptions->errorHandler(2, 'print_r(): Prop...', 'C:\\xampp\\htdocs...', 100, Array)
#1 C:\xampp\htdocs\anime\web1\app\Views\errors\html\error_exception.php(100): print_r(Object(App\Controllers\Home), true)
#2 C:\xampp\htdocs\anime\web1\system\Debug\Exceptions.php(298): include('C:\\xampp\\htdocs...')
#3 C:\xampp\htdocs\anime\web1\system\Debug\Exceptions.php(171): CodeIgniter\Debug\Exceptions->render(Object(mysqli_sql_exception), 500)
#4 [internal function]: CodeIgniter\Debug\Exceptions->exceptionHandler(Object(mysqli_sql_exception))
#5 {main}
  thrown
#0 [internal function]: CodeIgniter\Debug\Exceptions->shutdownHandler()
#1 {main}
CRITICAL - 2020-10-20 01:35:18 --> Undefined variable: ads
#0 C:\xampp\htdocs\anime\web1\app\Views\index.php(111): CodeIgniter\Debug\Exceptions->errorHandler(8, 'Undefined varia...', 'C:\\xampp\\htdocs...', 111, Array)
#1 C:\xampp\htdocs\anime\web1\system\View\View.php(236): include('C:\\xampp\\htdocs...')
#2 C:\xampp\htdocs\anime\web1\system\Common.php(1071): CodeIgniter\View\View->render('index.php', Array, true)
#3 C:\xampp\htdocs\anime\web1\app\Controllers\Home.php(49): view('index.php', Array)
#4 C:\xampp\htdocs\anime\web1\system\CodeIgniter.php(910): App\Controllers\Home->index()
#5 C:\xampp\htdocs\anime\web1\system\CodeIgniter.php(398): CodeIgniter\CodeIgniter->runController(Object(App\Controllers\Home))
#6 C:\xampp\htdocs\anime\web1\system\CodeIgniter.php(306): CodeIgniter\CodeIgniter->handleRequest(NULL, Object(Config\Cache), false)
#7 C:\xampp\htdocs\anime\web1\index.php(45): CodeIgniter\CodeIgniter->run()
#8 {main}
CRITICAL - 2020-10-20 01:35:18 --> Undefined variable: ads
#0 C:\xampp\htdocs\anime\web1\app\Views\index.php(111): CodeIgniter\Debug\Exceptions->errorHandler(8, 'Undefined varia...', 'C:\\xampp\\htdocs...', 111, Array)
#1 C:\xampp\htdocs\anime\web1\system\View\View.php(236): include('C:\\xampp\\htdocs...')
#2 C:\xampp\htdocs\anime\web1\system\Common.php(1071): CodeIgniter\View\View->render('index.php', Array, true)
#3 C:\xampp\htdocs\anime\web1\app\Controllers\Home.php(49): view('index.php', Array)
#4 C:\xampp\htdocs\anime\web1\system\CodeIgniter.php(910): App\Controllers\Home->index()
#5 C:\xampp\htdocs\anime\web1\system\CodeIgniter.php(398): CodeIgniter\CodeIgniter->runController(Object(App\Controllers\Home))
#6 C:\xampp\htdocs\anime\web1\system\CodeIgniter.php(306): CodeIgniter\CodeIgniter->handleRequest(NULL, Object(Config\Cache), false)
#7 C:\xampp\htdocs\anime\web1\index.php(45): CodeIgniter\CodeIgniter->run()
#8 {main}
CRITICAL - 2020-10-20 01:52:59 --> Undefined variable: totalTime
#0 C:\xampp\htdocs\anime\web1\system\Debug\Toolbar\Views\toolbar.tpl.php(56): CodeIgniter\Debug\Exceptions->errorHandler(8, 'Undefined varia...', 'C:\\xampp\\htdocs...', 56, Array)
#1 C:\xampp\htdocs\anime\web1\system\Debug\Toolbar.php(496): include('C:\\xampp\\htdocs...')
#2 C:\xampp\htdocs\anime\web1\system\Debug\Toolbar.php(454): CodeIgniter\Debug\Toolbar->format(Array, 'html')
#3 C:\xampp\htdocs\anime\web1\app\Config\Events.php(44): CodeIgniter\Debug\Toolbar->respond()
#4 [internal function]: CodeIgniter\Events\Events::Config\{closure}()
#5 C:\xampp\htdocs\anime\web1\system\Events\Events.php(188): call_user_func(Object(Closure))
#6 C:\xampp\htdocs\anime\web1\system\CodeIgniter.php(287): CodeIgniter\Events\Events::trigger('pre_system')
#7 C:\xampp\htdocs\anime\web1\index.php(45): CodeIgniter\CodeIgniter->run()
#8 {main}
CRITICAL - 2020-10-20 02:07:07 --> Undefined variable: totalTime
#0 C:\xampp\htdocs\anime\web1\system\Debug\Toolbar\Views\toolbar.tpl.php(56): CodeIgniter\Debug\Exceptions->errorHandler(8, 'Undefined varia...', 'C:\\xampp\\htdocs...', 56, Array)
#1 C:\xampp\htdocs\anime\web1\system\Debug\Toolbar.php(496): include('C:\\xampp\\htdocs...')
#2 C:\xampp\htdocs\anime\web1\system\Debug\Toolbar.php(454): CodeIgniter\Debug\Toolbar->format(Array, 'html')
#3 C:\xampp\htdocs\anime\web1\app\Config\Events.php(44): CodeIgniter\Debug\Toolbar->respond()
#4 [internal function]: CodeIgniter\Events\Events::Config\{closure}()
#5 C:\xampp\htdocs\anime\web1\system\Events\Events.php(188): call_user_func(Object(Closure))
#6 C:\xampp\htdocs\anime\web1\system\CodeIgniter.php(287): CodeIgniter\Events\Events::trigger('pre_system')
#7 C:\xampp\htdocs\anime\web1\index.php(45): CodeIgniter\CodeIgniter->run()
#8 {main}
